<?xml version="1.0" encoding="UTF-8"?>
<robot generator="Robot 7.4.2 (Python 3.10.20 on linux)" generated="2026-04-24T13:37:00.125584" rpa="false" schemaversion="5">
<suite id="s1" name="Tests" source="/tests">
<suite id="s1-s1" name="Api Tests" source="/tests/api_tests.robot">
<test id="s1-s1-t1" name="Verify Get All Patients Successfully" line="11">
<kw name="Create Session" owner="RequestsLibrary">
<msg time="2026-04-24T13:37:00.307612" level="INFO">Creating Session using : alias=api_session, url=http://api-server:8000, headers={},                     cookies={}, auth=None, timeout=None, proxies=None, verify=False,                     debug=0 </msg>
<arg>api_session</arg>
<arg>${BASE_URL}</arg>
<doc>Create Session: create a HTTP session to a server</doc>
<status status="PASS" start="2026-04-24T13:37:00.307419" elapsed="0.000408"/>
</kw>
<kw name="GET On Session" owner="RequestsLibrary">
<msg time="2026-04-24T13:37:03.461063" level="WARN">Retrying (RetryAdapter(total=2, connect=None, read=None, redirect=None, status=None)) after connection broken by 'NameResolutionError("HTTPConnection(host='api-server', port=8000): Failed to resolve 'api-server' ([Errno -2] Name or service not known)")': /patients</msg>
<msg time="2026-04-24T13:37:06.824679" level="WARN">Retrying (RetryAdapter(total=1, connect=None, read=None, redirect=None, status=None)) after connection broken by 'NameResolutionError("HTTPConnection(host='api-server', port=8000): Failed to resolve 'api-server' ([Errno -2] Name or service not known)")': /patients</msg>
<msg time="2026-04-24T13:37:10.370035" level="WARN">Retrying (RetryAdapter(total=0, connect=None, read=None, redirect=None, status=None)) after connection broken by 'NameResolutionError("HTTPConnection(host='api-server', port=8000): Failed to resolve 'api-server' ([Errno -2] Name or service not known)")': /patients</msg>
<msg time="2026-04-24T13:37:13.496595" level="FAIL">ConnectionError: HTTPConnectionPool(host='api-server', port=8000): Max retries exceeded with url: /patients (Caused by NameResolutionError("HTTPConnection(host='api-server', port=8000): Failed to resolve 'api-server' ([Errno -2] Name or service not known)"))</msg>
<var>${response}</var>
<arg>api_session</arg>
<arg>/patients</arg>
<doc>Sends a GET request on a previously created HTTP Session.</doc>
<status status="FAIL" start="2026-04-24T13:37:00.307939" elapsed="13.190372">ConnectionError: HTTPConnectionPool(host='api-server', port=8000): Max retries exceeded with url: /patients (Caused by NameResolutionError("HTTPConnection(host='api-server', port=8000): Failed to resolve 'api-server' ([Errno -2] Name or service not known)"))</status>
</kw>
<kw name="Status Should Be" owner="RequestsLibrary">
<arg>200</arg>
<arg>${response}</arg>
<doc>Fails if response status code is different than the expected.</doc>
<status status="NOT RUN" start="2026-04-24T13:37:13.498509" elapsed="0.000038"/>
</kw>
<kw name="Log To Console" owner="BuiltIn">
<arg>\nResponse Data: ${response.json()}</arg>
<doc>Logs the given message to the console.</doc>
<status status="NOT RUN" start="2026-04-24T13:37:13.498650" elapsed="0.000018"/>
</kw>
<doc>ทดสอบการดึงข้อมูลผู้ป่วยทั้งหมดจาก API</doc>
<status status="FAIL" start="2026-04-24T13:37:00.305819" elapsed="13.193029">ConnectionError: HTTPConnectionPool(host='api-server', port=8000): Max retries exceeded with url: /patients (Caused by NameResolutionError("HTTPConnection(host='api-server', port=8000): Failed to resolve 'api-server' ([Errno -2] Name or service not known)"))</status>
</test>
<test id="s1-s1-t2" name="Verify Create New Patient" line="18">
<kw name="Create Dictionary" owner="BuiltIn">
<msg time="2026-04-24T13:37:13.500258" level="INFO">${payload} = {'hn_number': 'HN999', 'patient_name': 'Robot Tester', 'exam_date': '2026-03-31', 'diagnosis': 'Automated Testing'}</msg>
<var>${payload}</var>
<arg>hn_number=HN999</arg>
<arg>patient_name=Robot Tester</arg>
<arg>exam_date=2026-03-31</arg>
<arg>diagnosis=Automated Testing</arg>
<doc>Creates and returns a dictionary based on the given ``items``.</doc>
<status status="PASS" start="2026-04-24T13:37:13.499704" elapsed="0.000591"/>
</kw>
<kw name="Create Dictionary" owner="BuiltIn">
<msg time="2026-04-24T13:37:13.500831" level="INFO">${headers} = {'Content-Type': 'application/json'}</msg>
<var>${headers}</var>
<arg>Content-Type=application/json</arg>
<doc>Creates and returns a dictionary based on the given ``items``.</doc>
<status status="PASS" start="2026-04-24T13:37:13.500434" elapsed="0.000420"/>
</kw>
<kw name="POST On Session" owner="RequestsLibrary">
<msg time="2026-04-24T13:37:16.630206" level="WARN">Retrying (RetryAdapter(total=2, connect=None, read=None, redirect=None, status=None)) after connection broken by 'NameResolutionError("HTTPConnection(host='api-server', port=8000): Failed to resolve 'api-server' ([Errno -2] Name or service not known)")': /patients</msg>
<msg time="2026-04-24T13:37:19.990679" level="WARN">Retrying (RetryAdapter(total=1, connect=None, read=None, redirect=None, status=None)) after connection broken by 'NameResolutionError("HTTPConnection(host='api-server', port=8000): Failed to resolve 'api-server' ([Errno -2] Name or service not known)")': /patients</msg>
<msg time="2026-04-24T13:37:23.552450" level="WARN">Retrying (RetryAdapter(total=0, connect=None, read=None, redirect=None, status=None)) after connection broken by 'NameResolutionError("HTTPConnection(host='api-server', port=8000): Failed to resolve 'api-server' ([Errno -2] Name or service not known)")': /patients</msg>
<msg time="2026-04-24T13:37:26.720692" level="FAIL">ConnectionError: HTTPConnectionPool(host='api-server', port=8000): Max retries exceeded with url: /patients (Caused by NameResolutionError("HTTPConnection(host='api-server', port=8000): Failed to resolve 'api-server' ([Errno -2] Name or service not known)"))</msg>
<var>${response}</var>
<arg>api_session</arg>
<arg>/patients</arg>
<arg>json=${payload}</arg>
<arg>headers=${headers}</arg>
<doc>Sends a POST request on a previously created HTTP Session.</doc>
<status status="FAIL" start="2026-04-24T13:37:13.500932" elapsed="13.220160">ConnectionError: HTTPConnectionPool(host='api-server', port=8000): Max retries exceeded with url: /patients (Caused by NameResolutionError("HTTPConnection(host='api-server', port=8000): Failed to resolve 'api-server' ([Errno -2] Name or service not known)"))</status>
</kw>
<kw name="Status Should Be" owner="RequestsLibrary">
<arg>200</arg>
<arg>${response}</arg>
<doc>Fails if response status code is different than the expected.</doc>
<status status="NOT RUN" start="2026-04-24T13:37:26.721283" elapsed="0.000042"/>
</kw>
<doc>ทดสอบการเพิ่มข้อมูลผู้ป่วยใหม่ผ่าน POST</doc>
<status status="FAIL" start="2026-04-24T13:37:13.499074" elapsed="13.222401">ConnectionError: HTTPConnectionPool(host='api-server', port=8000): Max retries exceeded with url: /patients (Caused by NameResolutionError("HTTPConnection(host='api-server', port=8000): Failed to resolve 'api-server' ([Errno -2] Name or service not known)"))</status>
</test>
<status status="FAIL" start="2026-04-24T13:37:00.157062" elapsed="26.564757"/>
</suite>
<status status="FAIL" start="2026-04-24T13:37:00.127813" elapsed="26.594416"/>
</suite>
<statistics>
<total>
<stat pass="0" fail="2" skip="0">All Tests</stat>
</total>
<tag>
</tag>
<suite>
<stat name="Tests" id="s1" pass="0" fail="2" skip="0">Tests</stat>
<stat name="Api Tests" id="s1-s1" pass="0" fail="2" skip="0">Tests.Api Tests</stat>
</suite>
</statistics>
<errors>
<msg time="2026-04-24T13:37:03.461063" level="WARN">Retrying (RetryAdapter(total=2, connect=None, read=None, redirect=None, status=None)) after connection broken by 'NameResolutionError("HTTPConnection(host='api-server', port=8000): Failed to resolve 'api-server' ([Errno -2] Name or service not known)")': /patients</msg>
<msg time="2026-04-24T13:37:06.824679" level="WARN">Retrying (RetryAdapter(total=1, connect=None, read=None, redirect=None, status=None)) after connection broken by 'NameResolutionError("HTTPConnection(host='api-server', port=8000): Failed to resolve 'api-server' ([Errno -2] Name or service not known)")': /patients</msg>
<msg time="2026-04-24T13:37:10.370035" level="WARN">Retrying (RetryAdapter(total=0, connect=None, read=None, redirect=None, status=None)) after connection broken by 'NameResolutionError("HTTPConnection(host='api-server', port=8000): Failed to resolve 'api-server' ([Errno -2] Name or service not known)")': /patients</msg>
<msg time="2026-04-24T13:37:16.630206" level="WARN">Retrying (RetryAdapter(total=2, connect=None, read=None, redirect=None, status=None)) after connection broken by 'NameResolutionError("HTTPConnection(host='api-server', port=8000): Failed to resolve 'api-server' ([Errno -2] Name or service not known)")': /patients</msg>
<msg time="2026-04-24T13:37:19.990679" level="WARN">Retrying (RetryAdapter(total=1, connect=None, read=None, redirect=None, status=None)) after connection broken by 'NameResolutionError("HTTPConnection(host='api-server', port=8000): Failed to resolve 'api-server' ([Errno -2] Name or service not known)")': /patients</msg>
<msg time="2026-04-24T13:37:23.552450" level="WARN">Retrying (RetryAdapter(total=0, connect=None, read=None, redirect=None, status=None)) after connection broken by 'NameResolutionError("HTTPConnection(host='api-server', port=8000): Failed to resolve 'api-server' ([Errno -2] Name or service not known)")': /patients</msg>
</errors>
</robot>
